<?xml version="1.0" encoding="UTF-8"?>
<testsuite xmlns:xsi="http://www.w3.org/2001/XMLSchema-instance" xsi:noNamespaceSchemaLocation="https://maven.apache.org/surefire/maven-surefire-plugin/xsd/surefire-test-report-3.0.xsd" version="3.0" name="se.deversity.vibetags.loadtest.ConcurrentBuildTest" time="0.233" tests="1" errors="0" skipped="0" failures="0">
  <properties>
[...]
</properties>
  <testcase name="concurrentCompile_sharedRoot_filesRemainParseable(Path)" classname="se.deversity.vibetags.loadtest.ConcurrentBuildTest" time="0.231">
    <system-out><![CDATA[
[ConcurrentBuildTest] Running 4 threads against a shared project root
[ConcurrentBuildTest] Threads: 4  |  Succeeded: 4  |  Errors: 0
[ConcurrentBuildTest] No corruption detected in this run.
  -> Locking may still be required; timing-sensitive races can be sporadic.
]]></system-out>
  </testcase>
</testsuite>